Change Component Designator: Old Designator=J1 New Designator=J2
Change Component Designator: Old Designator=J2 New Designator=J1
Change Component Designator: Old Designator=J3 New Designator=J4
Change Component Designator: Old Designator=J4 New Designator=J5
Change Component Designator: Old Designator=J5 New Designator=J6
Change Component Designator: Old Designator=J6 New Designator=J7
Change Component Designator: Old Designator=J? New Designator=J3
Change Component Designator: Old Designator=S1 New Designator=S2
Change Component Designator: Old Designator=S? New Designator=S1
Change Component Designator: Old Designator=X1 New Designator=X2
Change Component Designator: Old Designator=X2 New Designator=X3
Change Component Designator: Old Designator=X3 New Designator=X4
Change Component Designator: Old Designator=X4 New Designator=X5
Change Component Designator: Old Designator=X5 New Designator=X6
Change Component Designator: Old Designator=X6 New Designator=X7
Change Component Designator: Old Designator=X7 New Designator=X8
Change Component Designator: Old Designator=X8 New Designator=X9
Change Component Designator: Old Designator=X9 New Designator=X10
Change Component Designator: Old Designator=X10 New Designator=X11
Change Component Designator: Old Designator=X11 New Designator=X12
Change Component Designator: Old Designator=X12 New Designator=X13
Change Component Designator: Old Designator=X13 New Designator=X14
Change Component Designator: Old Designator=X14 New Designator=X15
Change Component Designator: Old Designator=X15 New Designator=X16
Change Component Designator: Old Designator=X16 New Designator=X17
Change Component Designator: Old Designator=X17 New Designator=X18
Change Component Designator: Old Designator=X18 New Designator=X19
Change Component Designator: Old Designator=X19 New Designator=X20
Change Component Designator: Old Designator=X20 New Designator=X21
Change Component Designator: Old Designator=X21 New Designator=X23
Change Component Designator: Old Designator=X22 New Designator=X24
Change Component Designator: Old Designator=X23 New Designator=X25
Change Component Designator: Old Designator=X24 New Designator=X26
Change Component Designator: Old Designator=X25 New Designator=X27
Change Component Designator: Old Designator=X26 New Designator=X28
Change Component Designator: Old Designator=X27 New Designator=X29
Change Component Designator: Old Designator=X28 New Designator=X30
Change Component Designator: Old Designator=X29 New Designator=X31
Change Component Designator: Old Designator=X30 New Designator=X32
Change Component Designator: Old Designator=X32 New Designator=X33
Change Component Designator: Old Designator=X33 New Designator=X34
Change Component Designator: Old Designator=X34 New Designator=X35
Change Component Designator: Old Designator=X35 New Designator=X36
Change Component Designator: Old Designator=X36 New Designator=X37
Change Component Designator: Old Designator=X37 New Designator=X38
Change Component Designator: Old Designator=X38 New Designator=X39
Change Component Designator: Old Designator=X? New Designator=X1
Change Component Designator: Old Designator=X? New Designator=X22
